<?xml version="1.0" encoding="UTF-8"?>
<!-- Generated by org.testng.reporters.JUnitReportReporter -->
<testsuite hostname="DESKTOP-EVNKM3L" failures="0" tests="1" name="com.RMGYantra.Parameters.Gitparameter" time="2.285" errors="0" timestamp="2022-05-22T11:21:05 IST" skipped="0">
  <testcase classname="com.RMGYantra.Parameters.Gitparameter" name="gitparameter" time="2.285"/>
  <system-out/>
</testsuite> <!-- com.RMGYantra.Parameters.Gitparameter -->
