<?xml version="1.0" encoding="UTF-8"?>
<!-- Generated by org.testng.reporters.JUnitReportReporter -->
<testsuite hostname="DESKTOP-EVNKM3L" failures="0" tests="1" name="com.RMGYantra.EndtoEndScenarios.EndToEndScenario" time="2.014" errors="0" timestamp="2022-05-20T17:25:56 IST" skipped="0">
  <testcase classname="com.RMGYantra.EndtoEndScenarios.EndToEndScenario" name="endToEnd" time="2.014"/>
  <system-out/>
</testsuite> <!-- com.RMGYantra.EndtoEndScenarios.EndToEndScenario -->
