<?xml version="1.0" encoding="UTF-8"?>
<!-- Generated by org.testng.reporters.JUnitReportReporter -->
<testsuite hostname="DESKTOP-EVNKM3L" failures="0" tests="1" name="com.RMGYantra.Authentications.BarerToken" time="4.100" errors="0" timestamp="2022-05-26T15:59:31 IST" skipped="0">
  <testcase classname="com.RMGYantra.Authentications.BarerToken" name="barerToken" time="4.100"/>
  <system-out/>
</testsuite> <!-- com.RMGYantra.Authentications.BarerToken -->
