<?xml version="1.0" encoding="UTF-8"?>
<!-- Generated by org.testng.reporters.JUnitReportReporter -->
<testsuite hostname="DESKTOP-EVNKM3L" failures="0" tests="1" name="com.RMGYantra_CRUDwithoutBDD.GetSingleProject" time="1.572" errors="0" timestamp="17 May 2022 12:40:01 GMT" skipped="0">
  <testcase classname="com.RMGYantra_CRUDwithoutBDD.GetSingleProject" name="getProjects" time="1.572"/>
</testsuite> <!-- com.RMGYantra_CRUDwithoutBDD.GetSingleProject -->
