<?xml version="1.0" encoding="UTF-8"?>
<!-- Generated by org.testng.reporters.JUnitReportReporter -->
<testsuite hostname="DESKTOP-EVNKM3L" failures="0" tests="1" name="com.RMGYantra_CRUDwithBDD.CompleUpdateTest" time="1.410" errors="0" timestamp="18 May 2022 06:12:04 GMT" skipped="0">
  <testcase classname="com.RMGYantra_CRUDwithBDD.CompleUpdateTest" name="completeUpdateTest" time="1.410"/>
</testsuite> <!-- com.RMGYantra_CRUDwithBDD.CompleUpdateTest -->
