<?xml version="1.0" encoding="UTF-8"?>
<!-- Generated by org.testng.reporters.JUnitReportReporter -->
<testsuite hostname="DESKTOP-EVNKM3L" failures="0" tests="1" name="com.RMGYantra_CRUDwithoutBDD.GetProjects" time="3.100" errors="0" timestamp="18 May 2022 04:02:20 GMT" skipped="0">
  <testcase classname="com.RMGYantra_CRUDwithoutBDD.GetProjects" name="getProjects" time="3.100"/>
</testsuite> <!-- com.RMGYantra_CRUDwithoutBDD.GetProjects -->
