<?xml version="1.0" encoding="UTF-8"?>
<!-- Generated by org.testng.reporters.JUnitReportReporter -->
<testsuite hostname="DESKTOP-EVNKM3L" failures="0" tests="1" name="com.RMGYantra.EndtoEndScenarios.Scenario" time="2.155" errors="0" timestamp="2022-05-20T15:21:13 IST" skipped="0">
  <testcase classname="com.RMGYantra.EndtoEndScenarios.Scenario" name="scenario_1" time="2.155"/>
  <system-out/>
</testsuite> <!-- com.RMGYantra.EndtoEndScenarios.Scenario -->
