<?xml version="1.0" encoding="UTF-8"?>
<!-- Generated by org.testng.reporters.JUnitReportReporter -->
<testsuite hostname="DESKTOP-EVNKM3L" failures="0" tests="1" name="com.RMGYantra_CRUDwithoutBDD.CreatingProject" time="1.325" errors="0" timestamp="17 May 2022 12:47:25 GMT" skipped="0">
  <testcase classname="com.RMGYantra_CRUDwithoutBDD.CreatingProject" name="createProject" time="1.325"/>
</testsuite> <!-- com.RMGYantra_CRUDwithoutBDD.CreatingProject -->
