<?xml version="1.0" encoding="UTF-8"?>
<!-- Generated by org.testng.reporters.JUnitReportReporter -->
<testsuite hostname="DESKTOP-EVNKM3L" failures="0" tests="1" name="com.RMGYantra_CRUDwithBDD.GetSingleProjectTest" time="1.144" errors="0" timestamp="18 May 2022 06:05:12 GMT" skipped="0">
  <testcase classname="com.RMGYantra_CRUDwithBDD.GetSingleProjectTest" name="getSingleProjectTest" time="1.144"/>
</testsuite> <!-- com.RMGYantra_CRUDwithBDD.GetSingleProjectTest -->
