<?xml version="1.0" encoding="UTF-8"?>
<!-- Generated by org.testng.reporters.JUnitReportReporter -->
<testsuite hostname="DESKTOP-EVNKM3L" failures="0" tests="1" name="com.RMGYantra.Validation.DynamicResponseValidation" time="1.477" errors="0" timestamp="18 May 2022 10:04:23 GMT" skipped="0">
  <testcase classname="com.RMGYantra.Validation.DynamicResponseValidation" name="dynamicValidation" time="1.477"/>
</testsuite> <!-- com.RMGYantra.Validation.DynamicResponseValidation -->
