<?xml version="1.0" encoding="UTF-8"?>
<!-- Generated by org.testng.reporters.JUnitReportReporter -->
<testsuite hostname="DESKTOP-EVNKM3L" failures="0" tests="1" name="com.RMGYantra_CRUDwithoutBDD.PartialUpdate" time="3.258" errors="0" timestamp="18 May 2022 05:30:32 GMT" skipped="0">
  <testcase classname="com.RMGYantra_CRUDwithoutBDD.PartialUpdate" name="partialUpdateProject" time="3.258"/>
</testsuite> <!-- com.RMGYantra_CRUDwithoutBDD.PartialUpdate -->
