<?xml version="1.0" encoding="UTF-8"?>
<!-- Generated by org.testng.reporters.JUnitReportReporter -->
<testsuite hostname="DESKTOP-EVNKM3L" failures="0" tests="1" name="com.RMGYantra_CRUDwithoutBDD.UpdateProject" time="1.282" errors="0" timestamp="18 May 2022 04:12:07 GMT" skipped="0">
  <testcase classname="com.RMGYantra_CRUDwithoutBDD.UpdateProject" name="updateProject" time="1.282"/>
</testsuite> <!-- com.RMGYantra_CRUDwithoutBDD.UpdateProject -->
