<?xml version="1.0" encoding="UTF-8"?>
<!-- Generated by org.testng.reporters.JUnitReportReporter -->
<testsuite hostname="DESKTOP-EVNKM3L" failures="0" tests="2" name="com.RMGYantra_differentwaystoPostRequest.CreatingProjectWithPOJOClass_MultipleDataTest" time="1.880" errors="0" timestamp="2022-05-22T10:54:54 IST" skipped="0">
  <testcase classname="com.RMGYantra_differentwaystoPostRequest.CreatingProjectWithPOJOClass_MultipleDataTest" name="creatingProjectwith_MultipleDataTest" time="1.828"/>
  <system-out/>
  <testcase classname="com.RMGYantra_differentwaystoPostRequest.CreatingProjectWithPOJOClass_MultipleDataTest" name="creatingProjectwith_MultipleDataTest" time="0.052"/>
  <system-out/>
</testsuite> <!-- com.RMGYantra_differentwaystoPostRequest.CreatingProjectWithPOJOClass_MultipleDataTest -->
