<?xml version="1.0" encoding="UTF-8"?>
<!-- Generated by org.testng.reporters.JUnitReportReporter -->
<testsuite hostname="DESKTOP-EVNKM3L" failures="0" tests="1" name="com.RMGYantra.Authentications.OAuth_2" time="3.502" errors="0" timestamp="2022-05-26T15:59:46 IST" skipped="0">
  <testcase classname="com.RMGYantra.Authentications.OAuth_2" name="oAuth2" time="3.502"/>
  <system-out/>
</testsuite> <!-- com.RMGYantra.Authentications.OAuth_2 -->
