<?xml version="1.0" encoding="UTF-8"?>
<!-- Generated by org.testng.reporters.JUnitReportReporter -->
<testsuite hostname="DESKTOP-EVNKM3L" failures="0" tests="1" name="com.RMGYantra_differentwaystoPostRequest.PostRequestwithHashMapTest" time="1.312" errors="0" timestamp="18 May 2022 06:48:48 GMT" skipped="0">
  <testcase classname="com.RMGYantra_differentwaystoPostRequest.PostRequestwithHashMapTest" name="postRequestwithHashMapTest" time="1.312"/>
</testsuite> <!-- com.RMGYantra_differentwaystoPostRequest.PostRequestwithHashMapTest -->
