<?xml version="1.0" encoding="UTF-8"?>
<!-- Generated by org.testng.reporters.JUnitReportReporter -->
<testsuite hostname="DESKTOP-EVNKM3L" failures="0" tests="1" name="com.RMGYantra.RequestChaining.REquestChainingWithPOSTMethod" time="2.092" errors="0" timestamp="2022-05-22T11:31:57 IST" skipped="0">
  <testcase classname="com.RMGYantra.RequestChaining.REquestChainingWithPOSTMethod" name="requestChaining" time="2.092"/>
  <system-out/>
</testsuite> <!-- com.RMGYantra.RequestChaining.REquestChainingWithPOSTMethod -->
