<?xml version="1.0" encoding="UTF-8"?>
<!-- Generated by org.testng.reporters.JUnitReportReporter -->
<testsuite hostname="DESKTOP-EVNKM3L" failures="0" tests="1" name="com.RMGYantra_CRUDwithoutBDD.DelectProject" time="1.070" errors="0" timestamp="17 May 2022 12:08:16 GMT" skipped="0">
  <testcase classname="com.RMGYantra_CRUDwithoutBDD.DelectProject" name="deleteProject" time="1.070"/>
</testsuite> <!-- com.RMGYantra_CRUDwithoutBDD.DelectProject -->
