<?xml version="1.0" encoding="UTF-8"?>
<!-- Generated by org.testng.reporters.JUnitReportReporter -->
<testsuite hostname="DESKTOP-EVNKM3L" failures="0" tests="1" name="com.RMGYantra_differentwaystoPostRequest.CreateProjectWithJSONObjectTest" time="1.516" errors="0" timestamp="2022-05-22T10:47:26 IST" skipped="0">
  <testcase classname="com.RMGYantra_differentwaystoPostRequest.CreateProjectWithJSONObjectTest" name="createProjectWithJSONObjectTest" time="1.516"/>
  <system-out/>
</testsuite> <!-- com.RMGYantra_differentwaystoPostRequest.CreateProjectWithJSONObjectTest -->
