<?xml version="1.0" encoding="UTF-8"?>
<!-- Generated by org.testng.reporters.JUnitReportReporter -->
<testsuite hostname="DESKTOP-EVNKM3L" failures="0" tests="1" name="com.RMGYantra.Parameters.QueryParameter" time="2.284" errors="0" timestamp="2022-05-22T11:23:13 IST" skipped="0">
  <testcase classname="com.RMGYantra.Parameters.QueryParameter" name="queryparameter" time="2.284"/>
  <system-out/>
</testsuite> <!-- com.RMGYantra.Parameters.QueryParameter -->
