<?xml version="1.0" encoding="UTF-8"?>
<!-- Generated by org.testng.reporters.JUnitReportReporter -->
<testsuite hostname="DESKTOP-EVNKM3L" failures="0" tests="1" name="com.RMGYantra_differentwaystoPostRequest.CreateProjectWithPOJOClass" time="1.503" errors="0" timestamp="2022-05-22T10:48:51 IST" skipped="0">
  <testcase classname="com.RMGYantra_differentwaystoPostRequest.CreateProjectWithPOJOClass" name="createProjectWithPOJOClass" time="1.503"/>
  <system-out/>
</testsuite> <!-- com.RMGYantra_differentwaystoPostRequest.CreateProjectWithPOJOClass -->
