<?xml version="1.0" encoding="UTF-8"?>
<!-- Generated by org.testng.reporters.JUnitReportReporter -->
<testsuite hostname="DESKTOP-EVNKM3L" failures="0" tests="1" name="com.RMGYantra_differentwaystoPostRequest.CreateProjectWithJSONFile" time="1.225" errors="0" timestamp="2022-05-22T10:59:16 IST" skipped="0">
  <testcase classname="com.RMGYantra_differentwaystoPostRequest.CreateProjectWithJSONFile" name="createProjectWithJSONFile" time="1.225"/>
  <system-out/>
</testsuite> <!-- com.RMGYantra_differentwaystoPostRequest.CreateProjectWithJSONFile -->
