<?xml version="1.0" encoding="UTF-8"?>
<!-- Generated by org.testng.reporters.JUnitReportReporter -->
<testsuite hostname="DESKTOP-EVNKM3L" failures="0" tests="1" name="com.RMGYantra.Validation.StaticResponseValidationTest" time="1.529" errors="0" timestamp="18 May 2022 09:59:13 GMT" skipped="0">
  <testcase classname="com.RMGYantra.Validation.StaticResponseValidationTest" name="staticResponce" time="1.529"/>
</testsuite> <!-- com.RMGYantra.Validation.StaticResponseValidationTest -->
